\BOOKMARK [1][-]{section.1}{Rechnen mit ganzen Zahlen}{}% 1
\BOOKMARK [2][-]{subsection.1.1}{Zahlensysteme}{section.1}% 2
\BOOKMARK [2][-]{subsection.1.2}{Beispiele}{section.1}% 3
\BOOKMARK [2][-]{subsection.1.3}{Division mit Rest}{section.1}% 4
\BOOKMARK [2][-]{subsection.1.4}{Beispiele}{section.1}% 5
\BOOKMARK [2][-]{subsection.1.5}{Vielfaches, Teiler, Primzahl}{section.1}% 6
\BOOKMARK [2][-]{subsection.1.6}{Beispiele}{section.1}% 7
\BOOKMARK [2][-]{subsection.1.7}{Fundamentalsatz der Arithmetik}{section.1}% 8
\BOOKMARK [2][-]{subsection.1.8}{Beispiele}{section.1}% 9
\BOOKMARK [2][-]{subsection.1.9}{ggT, kgV}{section.1}% 10
\BOOKMARK [2][-]{subsection.1.10}{ggT/kgV durch Primfaktorenzerlegung}{section.1}% 11
\BOOKMARK [2][-]{subsection.1.11}{Beispiele}{section.1}% 12
\BOOKMARK [2][-]{subsection.1.12}{Teilbarkeitsregeln}{section.1}% 13
\BOOKMARK [2][-]{subsection.1.13}{Beispiele}{section.1}% 14
\BOOKMARK [2][-]{subsection.1.14}{Geschicktes Rechnen}{section.1}% 15
\BOOKMARK [2][-]{subsection.1.15}{Rekursive Definition von ggT und kgV}{section.1}% 16
\BOOKMARK [2][-]{subsection.1.16}{Unendlichkeitssatz der Primzahlen}{section.1}% 17
\BOOKMARK [1][-]{section.2}{Rechnen mit Br\374chen und Reellen Zahlen}{}% 18
\BOOKMARK [2][-]{subsection.2.1}{Rechenregeln f\374r Br\374che}{section.2}% 19
\BOOKMARK [2][-]{subsection.2.2}{Beispiele}{section.2}% 20
\BOOKMARK [2][-]{subsection.2.3}{Potenzen}{section.2}% 21
\BOOKMARK [2][-]{subsection.2.4}{Beispiele}{section.2}% 22
\BOOKMARK [2][-]{subsection.2.5}{Rechenregeln f\374r Potenzen}{section.2}% 23
\BOOKMARK [2][-]{subsection.2.6}{Wurzeln}{section.2}% 24
\BOOKMARK [2][-]{subsection.2.7}{Beispiele}{section.2}% 25
\BOOKMARK [2][-]{subsection.2.8}{Irrationalit\344tsbeweis von 2 nach Euklid}{section.2}% 26
\BOOKMARK [1][-]{section.3}{Rechnen mit Buchstaben}{}% 27
\BOOKMARK [2][-]{subsection.3.1}{Definition Term/Koeffizient/Monom/Polynom}{section.3}% 28
\BOOKMARK [2][-]{subsection.3.2}{Rechenregeln f\374r Polynome}{section.3}% 29
\BOOKMARK [2][-]{subsection.3.3}{Beispiele und Formeln}{section.3}% 30
\BOOKMARK [2][-]{subsection.3.4}{Rechenregeln f\374r symbolische Berechnungen}{section.3}% 31
\BOOKMARK [2][-]{subsection.3.5}{Der Grad}{section.3}% 32
\BOOKMARK [2][-]{subsection.3.6}{Beispiele}{section.3}% 33
\BOOKMARK [2][-]{subsection.3.7}{Rationale Funktion}{section.3}% 34
\BOOKMARK [2][-]{subsection.3.8}{Bemerkung}{section.3}% 35
\BOOKMARK [2][-]{subsection.3.9}{Beispiele}{section.3}% 36
\BOOKMARK [1][-]{section.4}{Lineare und Quadratische Gleichungen}{}% 37
\BOOKMARK [2][-]{subsection.4.1}{Lineare Gleichungen}{section.4}% 38
\BOOKMARK [2][-]{subsection.4.2}{Bemerkung}{section.4}% 39
\BOOKMARK [2][-]{subsection.4.3}{Quadratische Gleichungen}{section.4}% 40
\BOOKMARK [2][-]{subsection.4.4}{L\366sen einer quadratischen Gleichung \374ber R/C}{section.4}% 41
\BOOKMARK [2][-]{subsection.4.5}{Satz von Vieta}{section.4}% 42
\BOOKMARK [2][-]{subsection.4.6}{Beispiele}{section.4}% 43
\BOOKMARK [2][-]{subsection.4.7}{Substitution}{section.4}% 44
\BOOKMARK [2][-]{subsection.4.8}{Lineare Gleichungssysteme}{section.4}% 45
\BOOKMARK [2][-]{subsection.4.9}{Beispiel}{section.4}% 46
\BOOKMARK [2][-]{subsection.4.10}{Schnittpunkt von zwei Kreisen}{section.4}% 47
\BOOKMARK [2][-]{subsection.4.11}{Aufgabe}{section.4}% 48
\BOOKMARK [1][-]{section.5}{Ungleichungen}{}% 49
\BOOKMARK [2][-]{subsection.5.1}{Definition}{section.5}% 50
\BOOKMARK [2][-]{subsection.5.2}{Beispiele}{section.5}% 51
\BOOKMARK [2][-]{subsection.5.3}{Rechenregeln f\374r Ungleichungen}{section.5}% 52
\BOOKMARK [2][-]{subsection.5.4}{Beispiel}{section.5}% 53
\BOOKMARK [2][-]{subsection.5.5}{Bemerkung}{section.5}% 54
\BOOKMARK [2][-]{subsection.5.6}{Beispiele}{section.5}% 55
\BOOKMARK [2][-]{subsection.5.7}{Beispiel}{section.5}% 56
\BOOKMARK [2][-]{subsection.5.8}{Betrag}{section.5}% 57
\BOOKMARK [2][-]{subsection.5.9}{Beispiel}{section.5}% 58
\BOOKMARK [2][-]{subsection.5.10}{Betragsungleichungen}{section.5}% 59
\BOOKMARK [2][-]{subsection.5.11}{Dreiecksungleichung}{section.5}% 60
\BOOKMARK [2][-]{subsection.5.12}{Beispiel}{section.5}% 61
\BOOKMARK [2][-]{subsection.5.13}{Beispiel}{section.5}% 62
\BOOKMARK [1][-]{section.6}{Ebene Geometrie}{}% 63
\BOOKMARK [1][-]{section.12}{Kombinatorik}{}% 64
\BOOKMARK [2][-]{subsection.12.1}{Definition}{section.12}% 65
\BOOKMARK [2][-]{subsection.12.2}{Satz: Die Gruppe Sn hat n! Elemente.}{section.12}% 66
\BOOKMARK [2][-]{subsection.12.3}{Beispiel}{section.12}% 67
\BOOKMARK [2][-]{subsection.12.4}{Definition}{section.12}% 68
\BOOKMARK [2][-]{subsection.12.5}{Formel f\374r die Binomialkoeffizienten}{section.12}% 69
\BOOKMARK [2][-]{subsection.12.6}{Das Pascalsche Dreieck}{section.12}% 70
